{
  "RSpec": {
    "coverage": {
      "/Users/reenakoudi/Projects/bookmark_manager/spec/database_connection_spec.rb": [
        1,
        null,
        1,
        1,
        1,
        1,
        1,
        null,
        null,
        null,
        1,
        1,
        1,
        1,
        1,
        null,
        null,
        null
      ],
      "/Users/reenakoudi/Projects/bookmark_manager/spec/features/add_new_link_spec.rb": [
        1,
        null,
        1,
        1,
        1,
        1,
        1,
        1,
        null,
        null
      ],
      "/Users/reenakoudi/Projects/bookmark_manager/spec/features/bookmark_app_spec.rb": [
        1,
        1,
        1,
        1,
        null,
        null
      ],
      "/Users/reenakoudi/Projects/bookmark_manager/spec/link_spec.rb": [
        1,
        1,
        1,
        1,
        1,
        1,
        1,
        1,
        null,
        null,
        null,
        1,
        1,
        1,
        1,
        null,
        null,
        null
      ],
      "/Users/reenakoudi/Projects/bookmark_manager/spec/test_database_setup.rb": [
        1,
        null,
        1,
        null,
        1,
        null,
        null,
        1,
        null,
        null,
        1,
        1,
        1
      ]
    },
    "timestamp": 1521059102
  }
}
